<?xml version="1.0" encoding="UTF-8"?>
<!-- Generated by org.testng.reporters.JUnitXMLReporter -->
<testsuite ignored="0" hostname="Gerald-PC" failures="0" tests="11" name="Default test" time="0.111" errors="0" timestamp="2020-02-21T17:02:24 SGT">
  <testcase classname="resources.base" name="@BeforeTest setInputSheetName" time="-1.582275743946E9">
    <failure type="org.testng.TestNGException" message="
Parameter &amp;apos;inputsheetname&amp;apos; is required by BeforeTest on method setInputSheetName but has not been marked @Optional or defined
in C:\Users\OJT - Project Sec1\AppData\Local\Temp\testng-eclipse-539325687\testng-customsuite.xml">
      <![CDATA[org.testng.TestNGException: 
Parameter 'inputsheetname' is required by BeforeTest on method setInputSheetName but has not been marked @Optional or defined
in C:\Users\OJT - Project Sec1\AppData\Local\Temp\testng-eclipse-539325687\testng-customsuite.xml
at org.testng.internal.Parameters.createParams(Parameters.java:289)
at org.testng.internal.Parameters.createParametersForMethod(Parameters.java:377)
at org.testng.internal.Parameters.createParameters(Parameters.java:721)
at org.testng.internal.Parameters.createConfigurationParameters(Parameters.java:164)
at org.testng.internal.ConfigInvoker.invokeConfigurations(ConfigInvoker.java:275)
at org.testng.TestRunner.invokeTestConfigurations(TestRunner.java:623)
at org.testng.TestRunner.beforeRun(TestRunner.java:613)
at org.testng.TestRunner.run(TestRunner.java:584)
at org.testng.SuiteRunner.runTest(SuiteRunner.java:402)
at org.testng.SuiteRunner.runSequentially(SuiteRunner.java:396)
at org.testng.SuiteRunner.privateRun(SuiteRunner.java:355)
at org.testng.SuiteRunner.run(SuiteRunner.java:304)
at org.testng.SuiteRunnerWorker.runSuite(SuiteRunnerWorker.java:53)
at org.testng.SuiteRunnerWorker.run(SuiteRunnerWorker.java:96)
at org.testng.TestNG.runSuitesSequentially(TestNG.java:1180)
at org.testng.TestNG.runSuitesLocally(TestNG.java:1102)
at org.testng.TestNG.runSuites(TestNG.java:1032)
at org.testng.TestNG.run(TestNG.java:1000)
at org.testng.remote.AbstractRemoteTestNG.run(AbstractRemoteTestNG.java:115)
at org.testng.remote.RemoteTestNG.initAndRun(RemoteTestNG.java:251)
at org.testng.remote.RemoteTestNG.main(RemoteTestNG.java:77)
]]>
    </failure>
  </testcase> <!-- @BeforeTest setInputSheetName -->
  <testcase classname="resources.base" name="@BeforeTest setUp" time="-1.582275743956E9">
    <skipped/>
  </testcase> <!-- @BeforeTest setUp -->
  <testcase classname="OhJobsPHTest.OhJobsPhTest" name="@BeforeTest initializeDriver" time="-1.582275743958E9">
    <skipped/>
  </testcase> <!-- @BeforeTest initializeDriver -->
  <testcase classname="OhJobsPHTest.OhJobsPhTest" name="@AfterTest tearDown" time="-1.582275744053E9">
    <skipped/>
  </testcase> <!-- @AfterTest tearDown -->
  <testcase classname="OhJobsPHTest.OhJobsPhTest" name="Check" time="0.0">
    <skipped/>
  </testcase> <!-- Check -->
  <testcase classname="OhJobsPHTest.OhJobsPhTest" name="employerSignUp" time="0.0">
    <skipped/>
  </testcase> <!-- employerSignUp -->
  <testcase classname="OhJobsPHTest.OhJobsPhTest" name="verifyEmail" time="0.0">
    <skipped/>
  </testcase> <!-- verifyEmail -->
  <testcase classname="OhJobsPHTest.OhJobsPhTest" name="jobseekerSignUpWeb" time="0.0">
    <skipped/>
  </testcase> <!-- jobseekerSignUpWeb -->
  <testcase classname="OhJobsPHTest.OhJobsPhTest" name="loginAsEmployer" time="0.0">
    <skipped/>
  </testcase> <!-- loginAsEmployer -->
  <testcase classname="OhJobsPHTest.OhJobsPhTest" name="employerAddJob" time="0.0">
    <skipped/>
  </testcase> <!-- employerAddJob -->
  <testcase classname="OhJobsPHTest.OhJobsPhTest" name="jobseekerLoginWeb" time="0.0">
    <skipped/>
  </testcase> <!-- jobseekerLoginWeb -->
  <testcase classname="OhJobsPHTest.OhJobsPhTest" name="testlang" time="0.0">
    <skipped/>
  </testcase> <!-- testlang -->
  <testcase classname="OhJobsPHTest.OhJobsPhTest" name="jobseekerEditPersonalInformation" time="0.0">
    <skipped/>
  </testcase> <!-- jobseekerEditPersonalInformation -->
  <testcase classname="OhJobsPHTest.OhJobsPhTest" name="webmasterApproveJobPost" time="0.0">
    <skipped/>
  </testcase> <!-- webmasterApproveJobPost -->
  <testcase classname="OhJobsPHTest.OhJobsPhTest" name="jobseekerApplyJobOnMobile" time="0.0">
    <skipped/>
  </testcase> <!-- jobseekerApplyJobOnMobile -->
</testsuite> <!-- Default test -->
