<?xml version="1.0" encoding="UTF-8"?>
<!-- Generated by org.testng.reporters.JUnitXMLReporter -->
<testsuite ignored="10" hostname="Gerald-PC" failures="0" tests="11" name="Oh Jobs PH Mobile and Website Flow" time="183.11" errors="0" timestamp="2020-03-11T17:09:42 SGT">
  <testcase classname="OhJobsPHTest.OhJobsPhTest" name="employerSignUp" time="36.445"/>
  <testcase classname="OhJobsPHTest.OhJobsPhTest" name="employerLoginWeb" time="0.51"/>
  <testcase classname="OhJobsPHTest.OhJobsPhTest" name="employerEditProfile" time="32.758"/>
  <testcase classname="OhJobsPHTest.OhJobsPhTest" name="employerAddJob" time="11.641"/>
  <testcase classname="OhJobsPHTest.OhJobsPhTest" name="webmasterApproveSupportingDocuments" time="7.932"/>
  <testcase classname="OhJobsPHTest.OhJobsPhTest" name="webmasterApproveJobPost" time="7.782"/>
  <testcase classname="OhJobsPHTest.OhJobsPhTest" name="jobseekerSignUpWeb" time="24.028"/>
  <testcase classname="OhJobsPHTest.OhJobsPhTest" name="jobseekerLoginWeb" time="7.904"/>
  <testcase classname="OhJobsPHTest.OhJobsPhTest" name="jobseekerApplyJobOnWeb" time="2.932"/>
  <testcase classname="OhJobsPHTest.OhJobsPhTest" name="employerApproveJobseekerApplicationAndSendMessageToJobseeker" time="9.444"/>
  <testcase classname="OhJobsPHTest.OhJobsPhTest" name="jobseekerCheckApprovedJobNotification" time="8.315"/>
  <testcase classname="OhJobsPHTest.OhJobsPhTest" name="jobseekerEditIntroductionWeb" time="0.0">
    <ignored/>
  </testcase> <!-- jobseekerEditIntroductionWeb -->
  <testcase classname="OhJobsPHTest.OhJobsPhTest" name="jobseekerAddWorkExperience" time="0.0">
    <ignored/>
  </testcase> <!-- jobseekerAddWorkExperience -->
  <testcase classname="OhJobsPHTest.OhJobsPhTest" name="jobseekerAddSkillsWeb" time="0.0">
    <ignored/>
  </testcase> <!-- jobseekerAddSkillsWeb -->
  <testcase classname="OhJobsPHTest.OhJobsPhTest" name="jobseekerEditPersonalInformationMobile" time="0.0">
    <ignored/>
  </testcase> <!-- jobseekerEditPersonalInformationMobile -->
  <testcase classname="OhJobsPHTest.OhJobsPhTest" name="jobseekerApplyJobOnMobile" time="0.0">
    <ignored/>
  </testcase> <!-- jobseekerApplyJobOnMobile -->
  <testcase classname="OhJobsPHTest.OhJobsPhTest" name="jobseekerSelectJobPreferenceWeb" time="0.0">
    <ignored/>
  </testcase> <!-- jobseekerSelectJobPreferenceWeb -->
  <testcase classname="OhJobsPHTest.OhJobsPhTest" name="jobseekerSendMessageToEmployer" time="0.0">
    <ignored/>
  </testcase> <!-- jobseekerSendMessageToEmployer -->
  <testcase classname="OhJobsPHTest.OhJobsPhTest" name="jobseekerAddEducationalBackgroundWeb" time="0.0">
    <ignored/>
  </testcase> <!-- jobseekerAddEducationalBackgroundWeb -->
  <testcase classname="OhJobsPHTest.OhJobsPhTest" name="jobseekerAddOtherInformation" time="0.0">
    <ignored/>
  </testcase> <!-- jobseekerAddOtherInformation -->
  <testcase classname="OhJobsPHTest.OhJobsPhTest" name="jobseekerEditPersonalInformationWeb" time="0.0">
    <ignored/>
  </testcase> <!-- jobseekerEditPersonalInformationWeb -->
</testsuite> <!-- Oh Jobs PH Mobile and Website Flow -->
