<?xml version="1.0" encoding="UTF-8"?>
<!-- Generated by org.testng.reporters.JUnitXMLReporter -->
<testsuite hostname="Gerald-PC" ignored="0" name="Test" tests="2" failures="1" timestamp="20 Aug 2019 09:39:56 GMT" time="26.621" errors="0">
  <testcase name="Login_0001" time="21.509" classname="WOG.AppiumFramework.LoginTest"/>
  <testcase name="Login_0002" time="0.005" classname="WOG.AppiumFramework.LoginTest">
    <failure type="org.testng.internal.reflect.MethodMatcherException" message="
Data provider mismatch
Method: Login_0002([Parameter{index=0, type=java.lang.String, declaredAnnotations=[]}])
Arguments: [(java.lang.String) ericadisto@gmail.com,(java.lang.String) adminadmin123]">
      <![CDATA[org.testng.internal.reflect.MethodMatcherException: 
Data provider mismatch
Method: Login_0002([Parameter{index=0, type=java.lang.String, declaredAnnotations=[]}])
Arguments: [(java.lang.String) ericadisto@gmail.com,(java.lang.String) adminadmin123]
... Removed 20 stack frames]]>
    </failure>
  </testcase> <!-- Login_0002 -->
</testsuite> <!-- Test -->
