<?xml version="1.0" encoding="UTF-8"?>
<!-- Generated by org.testng.reporters.JUnitXMLReporter -->
<testsuite hostname="Gerald-PC" ignored="0" name="Test(failed)" tests="2" failures="2" timestamp="16 Aug 2019 09:28:22 GMT" time="76.041" errors="0">
  <testcase name="APIDEMO" time="26.202" classname="WOG.AppiumFramework.APIDemoTest">
    <failure type="java.lang.NullPointerException">
      <![CDATA[java.lang.NullPointerException
at WOG.AppiumFramework.APIDemoTest.APIDEMO(APIDemoTest.java:30)
... Removed 25 stack frames]]>
    </failure>
  </testcase> <!-- APIDEMO -->
  <testcase name="TotalPriceValidation" time="49.783" classname="WOG.AppiumFramework.EcommerceTest">
    <failure type="java.lang.NullPointerException">
      <![CDATA[java.lang.NullPointerException
at WOG.AppiumFramework.EcommerceTest.TotalPriceValidation(EcommerceTest.java:50)
... Removed 25 stack frames]]>
    </failure>
  </testcase> <!-- TotalPriceValidation -->
</testsuite> <!-- Test(failed) -->
