<?xml version="1.0" encoding="UTF-8"?>
<testng-results skipped="0" failed="0" ignored="32" total="34" passed="2">
  <reporter-output>
  </reporter-output>
  <suite name="Cross Browsing Suite" duration-ms="45871" started-at="2020-02-22T16:39:09Z" finished-at="2020-02-22T16:39:55Z">
    <groups>
    </groups>
    <test name="GoogleChrome" duration-ms="20697" started-at="2020-02-22T16:39:09Z" finished-at="2020-02-22T16:39:29Z">
      <class name="OhJobsPHTest.OhJobsPhTest">
        <test-method status="PASS" signature="setInputSheetName(java.lang.String)[pri:0, instance:OhJobsPHTest.OhJobsPhTest@3fd7a715]" name="setInputSheetName" is-config="true" duration-ms="1420" started-at="2020-02-22T16:39:09Z" finished-at="2020-02-22T16:39:10Z">
          <params>
            <param index="0">
              <value>
                <![CDATA[Input.xlsx]]>
              </value>
            </param>
          </params>
          <reporter-output>
          </reporter-output>
        </test-method> <!-- setInputSheetName -->
        <test-method status="PASS" signature="setUp(java.lang.String, org.testng.ITestContext)[pri:0, instance:OhJobsPHTest.OhJobsPhTest@3fd7a715]" name="setUp" is-config="true" duration-ms="234" started-at="2020-02-22T16:39:10Z" finished-at="2020-02-22T16:39:10Z">
          <params>
            <param index="0">
              <value>
                <![CDATA[Login]]>
              </value>
            </param>
            <param index="1">
              <value>
                <![CDATA[org.testng.TestRunner@39ab59f8]]>
              </value>
            </param>
          </params>
          <reporter-output>
          </reporter-output>
        </test-method> <!-- setUp -->
        <test-method status="PASS" signature="initializeDriver(java.lang.String)[pri:0, instance:OhJobsPHTest.OhJobsPhTest@3fd7a715]" name="initializeDriver" is-config="true" duration-ms="10223" started-at="2020-02-22T16:39:10Z" depends-on-methods="resources.base.setInputSheetName, resources.base.setUp" finished-at="2020-02-22T16:39:21Z">
          <params>
            <param index="0">
              <value>
                <![CDATA[Chrome]]>
              </value>
            </param>
          </params>
          <reporter-output>
          </reporter-output>
        </test-method> <!-- initializeDriver -->
        <test-method status="PASS" signature="jobseekerLoginWeb()[pri:2, instance:OhJobsPHTest.OhJobsPhTest@3fd7a715]" name="jobseekerLoginWeb" duration-ms="7821" started-at="2020-02-22T16:39:21Z" finished-at="2020-02-22T16:39:28Z">
          <reporter-output>
          </reporter-output>
        </test-method> <!-- jobseekerLoginWeb -->
        <test-method status="PASS" signature="tearDown()[pri:0, instance:OhJobsPHTest.OhJobsPhTest@3fd7a715]" name="tearDown" is-config="true" duration-ms="971" started-at="2020-02-22T16:39:28Z" finished-at="2020-02-22T16:39:29Z">
          <reporter-output>
          </reporter-output>
        </test-method> <!-- tearDown -->
      </class> <!-- OhJobsPHTest.OhJobsPhTest -->
    </test> <!-- GoogleChrome -->
    <test name="MozillaFirefox" duration-ms="25123" started-at="2020-02-22T16:39:30Z" finished-at="2020-02-22T16:39:55Z">
      <class name="OhJobsPHTest.OhJobsPhTest">
        <test-method status="PASS" signature="getSuiteName(org.testng.ITestContext)[pri:0, instance:OhJobsPHTest.OhJobsPhTest@76f2b07d]" name="getSuiteName" is-config="true" duration-ms="24" started-at="2020-02-22T16:39:09Z" finished-at="2020-02-22T16:39:09Z">
          <params>
            <param index="0">
              <value>
                <![CDATA[org.testng.TestRunner@1bd81830]]>
              </value>
            </param>
          </params>
          <reporter-output>
          </reporter-output>
        </test-method> <!-- getSuiteName -->
        <test-method status="PASS" signature="setInputSheetName(java.lang.String)[pri:0, instance:OhJobsPHTest.OhJobsPhTest@76f2b07d]" name="setInputSheetName" is-config="true" duration-ms="255" started-at="2020-02-22T16:39:30Z" finished-at="2020-02-22T16:39:30Z">
          <params>
            <param index="0">
              <value>
                <![CDATA[Input.xlsx]]>
              </value>
            </param>
          </params>
          <reporter-output>
          </reporter-output>
        </test-method> <!-- setInputSheetName -->
        <test-method status="PASS" signature="setUp(java.lang.String, org.testng.ITestContext)[pri:0, instance:OhJobsPHTest.OhJobsPhTest@76f2b07d]" name="setUp" is-config="true" duration-ms="35" started-at="2020-02-22T16:39:30Z" finished-at="2020-02-22T16:39:30Z">
          <params>
            <param index="0">
              <value>
                <![CDATA[Login]]>
              </value>
            </param>
            <param index="1">
              <value>
                <![CDATA[org.testng.TestRunner@1bd81830]]>
              </value>
            </param>
          </params>
          <reporter-output>
          </reporter-output>
        </test-method> <!-- setUp -->
        <test-method status="PASS" signature="initializeDriver(java.lang.String)[pri:0, instance:OhJobsPHTest.OhJobsPhTest@76f2b07d]" name="initializeDriver" is-config="true" duration-ms="14285" started-at="2020-02-22T16:39:30Z" depends-on-methods="resources.base.setInputSheetName, resources.base.setUp" finished-at="2020-02-22T16:39:44Z">
          <params>
            <param index="0">
              <value>
                <![CDATA[Firefox]]>
              </value>
            </param>
          </params>
          <reporter-output>
          </reporter-output>
        </test-method> <!-- initializeDriver -->
        <test-method status="PASS" signature="jobseekerLoginWeb()[pri:2, instance:OhJobsPHTest.OhJobsPhTest@76f2b07d]" name="jobseekerLoginWeb" duration-ms="7049" started-at="2020-02-22T16:39:44Z" finished-at="2020-02-22T16:39:51Z">
          <reporter-output>
          </reporter-output>
        </test-method> <!-- jobseekerLoginWeb -->
        <test-method status="PASS" signature="tearDown()[pri:0, instance:OhJobsPHTest.OhJobsPhTest@76f2b07d]" name="tearDown" is-config="true" duration-ms="3498" started-at="2020-02-22T16:39:51Z" finished-at="2020-02-22T16:39:55Z">
          <reporter-output>
          </reporter-output>
        </test-method> <!-- tearDown -->
      </class> <!-- OhJobsPHTest.OhJobsPhTest -->
    </test> <!-- MozillaFirefox -->
  </suite> <!-- Cross Browsing Suite -->
</testng-results>
