<?xml version="1.0" encoding="UTF-8"?>
<!-- Generated by org.testng.reporters.JUnitXMLReporter -->
<testsuite hostname="DESKTOP-25J45V9" ignored="16" name="GoogleChrome" tests="1" failures="0" timestamp="23 Feb 2020 04:07:12 GMT" time="18.311" errors="0">
  <testcase name="jobseekerLoginWeb" time="10.007" classname="OhJobsPHTest.OhJobsPhTest"/>
  <testcase name="loginAsEmployer" time="0.0" classname="OhJobsPHTest.OhJobsPhTest">
    <ignored/>
  </testcase> <!-- loginAsEmployer -->
  <testcase name="jobseekerAddSkillsWeb" time="0.0" classname="OhJobsPHTest.OhJobsPhTest">
    <ignored/>
  </testcase> <!-- jobseekerAddSkillsWeb -->
  <testcase name="jobseekerSignUpWeb" time="0.0" classname="OhJobsPHTest.OhJobsPhTest">
    <ignored/>
  </testcase> <!-- jobseekerSignUpWeb -->
  <testcase name="Check" time="0.0" classname="OhJobsPHTest.OhJobsPhTest">
    <ignored/>
  </testcase> <!-- Check -->
  <testcase name="obseekerEditIntroductionWeb" time="0.0" classname="OhJobsPHTest.OhJobsPhTest">
    <ignored/>
  </testcase> <!-- obseekerEditIntroductionWeb -->
  <testcase name="verifyEmail" time="0.0" classname="OhJobsPHTest.OhJobsPhTest">
    <ignored/>
  </testcase> <!-- verifyEmail -->
  <testcase name="webmasterApproveJobPost" time="0.0" classname="OhJobsPHTest.OhJobsPhTest">
    <ignored/>
  </testcase> <!-- webmasterApproveJobPost -->
  <testcase name="testlang" time="0.0" classname="OhJobsPHTest.OhJobsPhTest">
    <ignored/>
  </testcase> <!-- testlang -->
  <testcase name="employerAddJob" time="0.0" classname="OhJobsPHTest.OhJobsPhTest">
    <ignored/>
  </testcase> <!-- employerAddJob -->
  <testcase name="jobseekerAddWorkExperience" time="0.0" classname="OhJobsPHTest.OhJobsPhTest">
    <ignored/>
  </testcase> <!-- jobseekerAddWorkExperience -->
  <testcase name="jobseekerApplyJobOnMobile" time="0.0" classname="OhJobsPHTest.OhJobsPhTest">
    <ignored/>
  </testcase> <!-- jobseekerApplyJobOnMobile -->
  <testcase name="employerSignUp" time="0.0" classname="OhJobsPHTest.OhJobsPhTest">
    <ignored/>
  </testcase> <!-- employerSignUp -->
  <testcase name="jobseekerSelectJobPreferenceWeb" time="0.0" classname="OhJobsPHTest.OhJobsPhTest">
    <ignored/>
  </testcase> <!-- jobseekerSelectJobPreferenceWeb -->
  <testcase name="jobseekerAddEducationalBackgroundWeb" time="0.0" classname="OhJobsPHTest.OhJobsPhTest">
    <ignored/>
  </testcase> <!-- jobseekerAddEducationalBackgroundWeb -->
  <testcase name="jobseekerAddOtherInformation" time="0.0" classname="OhJobsPHTest.OhJobsPhTest">
    <ignored/>
  </testcase> <!-- jobseekerAddOtherInformation -->
  <testcase name="jobseekerEditPersonalInformationWeb" time="0.0" classname="OhJobsPHTest.OhJobsPhTest">
    <ignored/>
  </testcase> <!-- jobseekerEditPersonalInformationWeb -->
</testsuite> <!-- GoogleChrome -->
